01:46:15.835 [http-bio-8080-exec-8] WARN  o.s.w.s.m.s.DefaultHandlerExceptionResolver - Failed to bind request element: org.springframework.web.method.annotation.MethodArgumentTypeMismatchException: Failed to convert value of type [java.lang.String] to required type [java.lang.Integer]; nested exception is java.lang.NumberFormatException: For input string: "undefined"
01:46:55.855 [http-bio-8080-exec-9] WARN  o.s.w.s.m.s.DefaultHandlerExceptionResolver - Failed to bind request element: org.springframework.web.method.annotation.MethodArgumentTypeMismatchException: Failed to convert value of type [java.lang.String] to required type [java.lang.Integer]; nested exception is java.lang.NumberFormatException: For input string: "undefined"
01:47:00.862 [http-bio-8080-exec-2] WARN  o.s.web.servlet.PageNotFound - No mapping found for HTTP request with URI [/webapp/announcement] in DispatcherServlet with name 'dispatcher'
12:36:01.525 [http-bio-8080-exec-2] WARN  o.s.web.servlet.PageNotFound - No mapping found for HTTP request with URI [/webapp/signout] in DispatcherServlet with name 'dispatcher'
14:45:15.928 [http-bio-8080-exec-2] ERROR o.s.web.servlet.tags.form.LabelTag - Neither BindingResult nor plain target object for bean name 'createForm' available as request attribute
java.lang.IllegalStateException: Neither BindingResult nor plain target object for bean name 'createForm' available as request attribute
	at org.springframework.web.servlet.support.BindStatus.<init>(BindStatus.java:144) ~[spring-webmvc-4.2.5.RELEASE.jar:4.2.5.RELEASE]
	at org.springframework.web.servlet.tags.form.AbstractDataBoundFormElementTag.getBindStatus(AbstractDataBoundFormElementTag.java:168) ~[spring-webmvc-4.2.5.RELEASE.jar:4.2.5.RELEASE]
	at org.springframework.web.servlet.tags.form.AbstractDataBoundFormElementTag.getPropertyPath(AbstractDataBoundFormElementTag.java:188) ~[spring-webmvc-4.2.5.RELEASE.jar:4.2.5.RELEASE]
	at org.springframework.web.servlet.tags.form.LabelTag.autogenerateFor(LabelTag.java:130) ~[spring-webmvc-4.2.5.RELEASE.jar:4.2.5.RELEASE]
	at org.springframework.web.servlet.tags.form.LabelTag.resolveFor(LabelTag.java:120) ~[spring-webmvc-4.2.5.RELEASE.jar:4.2.5.RELEASE]
	at org.springframework.web.servlet.tags.form.LabelTag.writeTagContent(LabelTag.java:90) ~[spring-webmvc-4.2.5.RELEASE.jar:4.2.5.RELEASE]
	at org.springframework.web.servlet.tags.form.AbstractFormTag.doStartTagInternal(AbstractFormTag.java:84) ~[spring-webmvc-4.2.5.RELEASE.jar:4.2.5.RELEASE]
	at org.springframework.web.servlet.tags.RequestContextAwareTag.doStartTag(RequestContextAwareTag.java:80) ~[spring-webmvc-4.2.5.RELEASE.jar:4.2.5.RELEASE]
	at org.apache.jsp.WEB_002dINF.jsp.announcements.announcement_005fcreate_jsp._jspx_meth_form_005flabel_005f0(announcement_005fcreate_jsp.java:898) [webapp/:na]
	at org.apache.jsp.WEB_002dINF.jsp.announcements.announcement_005fcreate_jsp._jspService(announcement_005fcreate_jsp.java:183) [webapp/:na]
	at org.apache.jasper.runtime.HttpJspBase.service(HttpJspBase.java:70) [tomcat-jasper-7.0.47.jar:7.0.47]
	at javax.servlet.http.HttpServlet.service(HttpServlet.java:728) [tomcat-embed-core-7.0.47.jar:7.0.47]
	at org.apache.jasper.servlet.JspServletWrapper.service(JspServletWrapper.java:432) [tomcat-jasper-7.0.47.jar:7.0.47]
	at org.apache.jasper.servlet.JspServlet.serviceJspFile(JspServlet.java:390) [tomcat-jasper-7.0.47.jar:7.0.47]
	at org.apache.jasper.servlet.JspServlet.service(JspServlet.java:334) [tomcat-jasper-7.0.47.jar:7.0.47]
	at javax.servlet.http.HttpServlet.service(HttpServlet.java:728) [tomcat-embed-core-7.0.47.jar:7.0.47]
	at org.apache.catalina.core.ApplicationFilterChain.internalDoFilter(ApplicationFilterChain.java:305) [tomcat-embed-core-7.0.47.jar:7.0.47]
	at org.apache.catalina.core.ApplicationFilterChain.doFilter(ApplicationFilterChain.java:210) [tomcat-embed-core-7.0.47.jar:7.0.47]
	at org.apache.catalina.core.ApplicationDispatcher.invoke(ApplicationDispatcher.java:749) [tomcat-embed-core-7.0.47.jar:7.0.47]
	at org.apache.catalina.core.ApplicationDispatcher.doInclude(ApplicationDispatcher.java:605) [tomcat-embed-core-7.0.47.jar:7.0.47]
	at org.apache.catalina.core.ApplicationDispatcher.include(ApplicationDispatcher.java:544) [tomcat-embed-core-7.0.47.jar:7.0.47]
	at org.apache.jasper.runtime.JspRuntimeLibrary.include(JspRuntimeLibrary.java:954) [tomcat-jasper-7.0.47.jar:7.0.47]
	at org.apache.jsp.WEB_002dINF.jsp.announcements.announcements_005flist_jsp._jspService(announcements_005flist_jsp.java:299) [webapp/:na]
	at org.apache.jasper.runtime.HttpJspBase.service(HttpJspBase.java:70) [tomcat-jasper-7.0.47.jar:7.0.47]
	at javax.servlet.http.HttpServlet.service(HttpServlet.java:728) [tomcat-embed-core-7.0.47.jar:7.0.47]
	at org.apache.jasper.servlet.JspServletWrapper.service(JspServletWrapper.java:432) [tomcat-jasper-7.0.47.jar:7.0.47]
	at org.apache.jasper.servlet.JspServlet.serviceJspFile(JspServlet.java:390) [tomcat-jasper-7.0.47.jar:7.0.47]
	at org.apache.jasper.servlet.JspServlet.service(JspServlet.java:334) [tomcat-jasper-7.0.47.jar:7.0.47]
	at javax.servlet.http.HttpServlet.service(HttpServlet.java:728) [tomcat-embed-core-7.0.47.jar:7.0.47]
	at org.apache.catalina.core.ApplicationFilterChain.internalDoFilter(ApplicationFilterChain.java:305) [tomcat-embed-core-7.0.47.jar:7.0.47]
	at org.apache.catalina.core.ApplicationFilterChain.doFilter(ApplicationFilterChain.java:210) [tomcat-embed-core-7.0.47.jar:7.0.47]
	at org.apache.tomcat.websocket.server.WsFilter.doFilter(WsFilter.java:51) [tomcat-embed-core-7.0.47.jar:7.0.47]
	at org.apache.catalina.core.ApplicationFilterChain.internalDoFilter(ApplicationFilterChain.java:243) [tomcat-embed-core-7.0.47.jar:7.0.47]
	at org.apache.catalina.core.ApplicationFilterChain.doFilter(ApplicationFilterChain.java:210) [tomcat-embed-core-7.0.47.jar:7.0.47]
	at org.apache.catalina.core.ApplicationDispatcher.invoke(ApplicationDispatcher.java:749) [tomcat-embed-core-7.0.47.jar:7.0.47]
	at org.apache.catalina.core.ApplicationDispatcher.processRequest(ApplicationDispatcher.java:487) [tomcat-embed-core-7.0.47.jar:7.0.47]
	at org.apache.catalina.core.ApplicationDispatcher.doForward(ApplicationDispatcher.java:412) [tomcat-embed-core-7.0.47.jar:7.0.47]
	at org.apache.catalina.core.ApplicationDispatcher.forward(ApplicationDispatcher.java:339) [tomcat-embed-core-7.0.47.jar:7.0.47]
	at org.springframework.web.servlet.view.InternalResourceView.renderMergedOutputModel(InternalResourceView.java:168) [spring-webmvc-4.2.5.RELEASE.jar:4.2.5.RELEASE]
	at org.springframework.web.servlet.view.AbstractView.render(AbstractView.java:303) [spring-webmvc-4.2.5.RELEASE.jar:4.2.5.RELEASE]
	at org.springframework.web.servlet.DispatcherServlet.render(DispatcherServlet.java:1243) [spring-webmvc-4.2.5.RELEASE.jar:4.2.5.RELEASE]
	at org.springframework.web.servlet.DispatcherServlet.processDispatchResult(DispatcherServlet.java:1027) [spring-webmvc-4.2.5.RELEASE.jar:4.2.5.RELEASE]
	at org.springframework.web.servlet.DispatcherServlet.doDispatch(DispatcherServlet.java:971) [spring-webmvc-4.2.5.RELEASE.jar:4.2.5.RELEASE]
	at org.springframework.web.servlet.DispatcherServlet.doService(DispatcherServlet.java:893) [spring-webmvc-4.2.5.RELEASE.jar:4.2.5.RELEASE]
	at org.springframework.web.servlet.FrameworkServlet.processRequest(FrameworkServlet.java:968) [spring-webmvc-4.2.5.RELEASE.jar:4.2.5.RELEASE]
	at org.springframework.web.servlet.FrameworkServlet.doGet(FrameworkServlet.java:859) [spring-webmvc-4.2.5.RELEASE.jar:4.2.5.RELEASE]
	at javax.servlet.http.HttpServlet.service(HttpServlet.java:621) [tomcat-embed-core-7.0.47.jar:7.0.47]
	at org.springframework.web.servlet.FrameworkServlet.service(FrameworkServlet.java:844) [spring-webmvc-4.2.5.RELEASE.jar:4.2.5.RELEASE]
	at javax.servlet.http.HttpServlet.service(HttpServlet.java:728) [tomcat-embed-core-7.0.47.jar:7.0.47]
	at org.apache.catalina.core.ApplicationFilterChain.internalDoFilter(ApplicationFilterChain.java:305) [tomcat-embed-core-7.0.47.jar:7.0.47]
	at org.apache.catalina.core.ApplicationFilterChain.doFilter(ApplicationFilterChain.java:210) [tomcat-embed-core-7.0.47.jar:7.0.47]
	at org.apache.tomcat.websocket.server.WsFilter.doFilter(WsFilter.java:51) [tomcat-embed-core-7.0.47.jar:7.0.47]
	at org.apache.catalina.core.ApplicationFilterChain.internalDoFilter(ApplicationFilterChain.java:243) [tomcat-embed-core-7.0.47.jar:7.0.47]
	at org.apache.catalina.core.ApplicationFilterChain.doFilter(ApplicationFilterChain.java:210) [tomcat-embed-core-7.0.47.jar:7.0.47]
	at org.springframework.security.web.FilterChainProxy$VirtualFilterChain.doFilter(FilterChainProxy.java:316) [spring-security-web-4.0.4.RELEASE.jar:4.0.4.RELEASE]
	at org.springframework.security.web.access.intercept.FilterSecurityInterceptor.invoke(FilterSecurityInterceptor.java:126) [spring-security-web-4.0.4.RELEASE.jar:4.0.4.RELEASE]
	at org.springframework.security.web.access.intercept.FilterSecurityInterceptor.doFilter(FilterSecurityInterceptor.java:90) [spring-security-web-4.0.4.RELEASE.jar:4.0.4.RELEASE]
	at org.springframework.security.web.FilterChainProxy$VirtualFilterChain.doFilter(FilterChainProxy.java:330) [spring-security-web-4.0.4.RELEASE.jar:4.0.4.RELEASE]
	at org.springframework.security.web.access.ExceptionTranslationFilter.doFilter(ExceptionTranslationFilter.java:114) [spring-security-web-4.0.4.RELEASE.jar:4.0.4.RELEASE]
	at org.springframework.security.web.FilterChainProxy$VirtualFilterChain.doFilter(FilterChainProxy.java:330) [spring-security-web-4.0.4.RELEASE.jar:4.0.4.RELEASE]
	at org.springframework.security.web.session.SessionManagementFilter.doFilter(SessionManagementFilter.java:122) [spring-security-web-4.0.4.RELEASE.jar:4.0.4.RELEASE]
	at org.springframework.security.web.FilterChainProxy$VirtualFilterChain.doFilter(FilterChainProxy.java:330) [spring-security-web-4.0.4.RELEASE.jar:4.0.4.RELEASE]
	at org.springframework.security.web.authentication.AnonymousAuthenticationFilter.doFilter(AnonymousAuthenticationFilter.java:111) [spring-security-web-4.0.4.RELEASE.jar:4.0.4.RELEASE]
	at org.springframework.security.web.FilterChainProxy$VirtualFilterChain.doFilter(FilterChainProxy.java:330) [spring-security-web-4.0.4.RELEASE.jar:4.0.4.RELEASE]
	at org.springframework.security.web.authentication.rememberme.RememberMeAuthenticationFilter.doFilter(RememberMeAuthenticationFilter.java:149) [spring-security-web-4.0.4.RELEASE.jar:4.0.4.RELEASE]
	at org.springframework.security.web.FilterChainProxy$VirtualFilterChain.doFilter(FilterChainProxy.java:330) [spring-security-web-4.0.4.RELEASE.jar:4.0.4.RELEASE]
	at org.springframework.security.web.servletapi.SecurityContextHolderAwareRequestFilter.doFilter(SecurityContextHolderAwareRequestFilter.java:169) [spring-security-web-4.0.4.RELEASE.jar:4.0.4.RELEASE]
	at org.springframework.security.web.FilterChainProxy$VirtualFilterChain.doFilter(FilterChainProxy.java:330) [spring-security-web-4.0.4.RELEASE.jar:4.0.4.RELEASE]
	at org.springframework.security.web.savedrequest.RequestCacheAwareFilter.doFilter(RequestCacheAwareFilter.java:48) [spring-security-web-4.0.4.RELEASE.jar:4.0.4.RELEASE]
	at org.springframework.security.web.FilterChainProxy$VirtualFilterChain.doFilter(FilterChainProxy.java:330) [spring-security-web-4.0.4.RELEASE.jar:4.0.4.RELEASE]
	at org.springframework.security.web.authentication.AbstractAuthenticationProcessingFilter.doFilter(AbstractAuthenticationProcessingFilter.java:205) [spring-security-web-4.0.4.RELEASE.jar:4.0.4.RELEASE]
	at org.springframework.security.web.FilterChainProxy$VirtualFilterChain.doFilter(FilterChainProxy.java:330) [spring-security-web-4.0.4.RELEASE.jar:4.0.4.RELEASE]
	at org.springframework.security.web.authentication.logout.LogoutFilter.doFilter(LogoutFilter.java:120) [spring-security-web-4.0.4.RELEASE.jar:4.0.4.RELEASE]
	at org.springframework.security.web.FilterChainProxy$VirtualFilterChain.doFilter(FilterChainProxy.java:330) [spring-security-web-4.0.4.RELEASE.jar:4.0.4.RELEASE]
	at org.springframework.security.web.header.HeaderWriterFilter.doFilterInternal(HeaderWriterFilter.java:64) [spring-security-web-4.0.4.RELEASE.jar:4.0.4.RELEASE]
	at org.springframework.web.filter.OncePerRequestFilter.doFilter(OncePerRequestFilter.java:107) [spring-web-4.2.5.RELEASE.jar:4.2.5.RELEASE]
	at org.springframework.security.web.FilterChainProxy$VirtualFilterChain.doFilter(FilterChainProxy.java:330) [spring-security-web-4.0.4.RELEASE.jar:4.0.4.RELEASE]
	at org.springframework.security.web.context.SecurityContextPersistenceFilter.doFilter(SecurityContextPersistenceFilter.java:91) [spring-security-web-4.0.4.RELEASE.jar:4.0.4.RELEASE]
	at org.springframework.security.web.FilterChainProxy$VirtualFilterChain.doFilter(FilterChainProxy.java:330) [spring-security-web-4.0.4.RELEASE.jar:4.0.4.RELEASE]
	at org.springframework.security.web.context.request.async.WebAsyncManagerIntegrationFilter.doFilterInternal(WebAsyncManagerIntegrationFilter.java:53) [spring-security-web-4.0.4.RELEASE.jar:4.0.4.RELEASE]
	at org.springframework.web.filter.OncePerRequestFilter.doFilter(OncePerRequestFilter.java:107) [spring-web-4.2.5.RELEASE.jar:4.2.5.RELEASE]
	at org.springframework.security.web.FilterChainProxy$VirtualFilterChain.doFilter(FilterChainProxy.java:330) [spring-security-web-4.0.4.RELEASE.jar:4.0.4.RELEASE]
	at org.springframework.security.web.FilterChainProxy.doFilterInternal(FilterChainProxy.java:213) [spring-security-web-4.0.4.RELEASE.jar:4.0.4.RELEASE]
	at org.springframework.security.web.FilterChainProxy.doFilter(FilterChainProxy.java:176) [spring-security-web-4.0.4.RELEASE.jar:4.0.4.RELEASE]
	at org.springframework.web.filter.DelegatingFilterProxy.invokeDelegate(DelegatingFilterProxy.java:346) [spring-web-4.2.5.RELEASE.jar:4.2.5.RELEASE]
	at org.springframework.web.filter.DelegatingFilterProxy.doFilter(DelegatingFilterProxy.java:262) [spring-web-4.2.5.RELEASE.jar:4.2.5.RELEASE]
	at org.apache.catalina.core.ApplicationFilterChain.internalDoFilter(ApplicationFilterChain.java:243) [tomcat-embed-core-7.0.47.jar:7.0.47]
	at org.apache.catalina.core.ApplicationFilterChain.doFilter(ApplicationFilterChain.java:210) [tomcat-embed-core-7.0.47.jar:7.0.47]
	at org.springframework.web.filter.CharacterEncodingFilter.doFilterInternal(CharacterEncodingFilter.java:121) [spring-web-4.2.5.RELEASE.jar:4.2.5.RELEASE]
	at org.springframework.web.filter.OncePerRequestFilter.doFilter(OncePerRequestFilter.java:107) [spring-web-4.2.5.RELEASE.jar:4.2.5.RELEASE]
	at org.apache.catalina.core.ApplicationFilterChain.internalDoFilter(ApplicationFilterChain.java:243) [tomcat-embed-core-7.0.47.jar:7.0.47]
	at org.apache.catalina.core.ApplicationFilterChain.doFilter(ApplicationFilterChain.java:210) [tomcat-embed-core-7.0.47.jar:7.0.47]
	at org.apache.catalina.core.StandardWrapperValve.invoke(StandardWrapperValve.java:222) [tomcat-embed-core-7.0.47.jar:7.0.47]
	at org.apache.catalina.core.StandardContextValve.invoke(StandardContextValve.java:123) [tomcat-embed-core-7.0.47.jar:7.0.47]
	at org.apache.catalina.authenticator.AuthenticatorBase.invoke(AuthenticatorBase.java:502) [tomcat-embed-core-7.0.47.jar:7.0.47]
	at org.apache.catalina.core.StandardHostValve.invoke(StandardHostValve.java:171) [tomcat-embed-core-7.0.47.jar:7.0.47]
	at org.apache.catalina.valves.ErrorReportValve.invoke(ErrorReportValve.java:100) [tomcat-embed-core-7.0.47.jar:7.0.47]
	at org.apache.catalina.valves.AccessLogValve.invoke(AccessLogValve.java:953) [tomcat-embed-core-7.0.47.jar:7.0.47]
	at org.apache.catalina.core.StandardEngineValve.invoke(StandardEngineValve.java:118) [tomcat-embed-core-7.0.47.jar:7.0.47]
	at org.apache.catalina.connector.CoyoteAdapter.service(CoyoteAdapter.java:408) [tomcat-embed-core-7.0.47.jar:7.0.47]
	at org.apache.coyote.http11.AbstractHttp11Processor.process(AbstractHttp11Processor.java:1041) [tomcat-embed-core-7.0.47.jar:7.0.47]
	at org.apache.coyote.AbstractProtocol$AbstractConnectionHandler.process(AbstractProtocol.java:603) [tomcat-embed-core-7.0.47.jar:7.0.47]
	at org.apache.tomcat.util.net.JIoEndpoint$SocketProcessor.run(JIoEndpoint.java:310) [tomcat-embed-core-7.0.47.jar:7.0.47]
	at java.util.concurrent.ThreadPoolExecutor.runWorker(ThreadPoolExecutor.java:1149) [na:1.8.0_281]
	at java.util.concurrent.ThreadPoolExecutor$Worker.run(ThreadPoolExecutor.java:624) [na:1.8.0_281]
	at java.lang.Thread.run(Thread.java:748) [na:1.8.0_281]
19:36:13.496 [http-bio-8080-exec-1] WARN  o.s.web.servlet.PageNotFound - No mapping found for HTTP request with URI [/webapp/courses/72.38] in DispatcherServlet with name 'dispatcher'
