14:57:28.008 [http-bio-8080-exec-1] WARN  o.s.web.servlet.PageNotFound - No mapping found for HTTP request with URI [/webapp/statistics] in DispatcherServlet with name 'dispatcher'
18:03:00.330 [localhost-startStop-1] WARN  o.s.w.c.s.AnnotationConfigWebApplicationContext - Exception encountered during context initialization - cancelling refresh attempt: org.springframework.beans.factory.BeanCreationException: Error creating bean with name 'sgaServiceImpl' defined in file [D:\Educacion\ITBA\6C\PAW\TPE\app\services\target\classes\ar\edu\itba\paw\services\SgaServiceImpl.class]: Instantiation of bean failed; nested exception is org.springframework.beans.BeanInstantiationException: Failed to instantiate [ar.edu.itba.paw.services.SgaServiceImpl]: Constructor threw exception; nested exception is java.lang.NoClassDefFoundError: com/fasterxml/jackson/databind/ObjectMapper
18:03:00.341 [localhost-startStop-1] ERROR o.s.web.context.ContextLoader - Context initialization failed
org.springframework.beans.factory.BeanCreationException: Error creating bean with name 'sgaServiceImpl' defined in file [D:\Educacion\ITBA\6C\PAW\TPE\app\services\target\classes\ar\edu\itba\paw\services\SgaServiceImpl.class]: Instantiation of bean failed; nested exception is org.springframework.beans.BeanInstantiationException: Failed to instantiate [ar.edu.itba.paw.services.SgaServiceImpl]: Constructor threw exception; nested exception is java.lang.NoClassDefFoundError: com/fasterxml/jackson/databind/ObjectMapper
	at org.springframework.beans.factory.support.AbstractAutowireCapableBeanFactory.instantiateBean(AbstractAutowireCapableBeanFactory.java:1105) ~[spring-beans-4.2.5.RELEASE.jar:4.2.5.RELEASE]
	at org.springframework.beans.factory.support.AbstractAutowireCapableBeanFactory.createBeanInstance(AbstractAutowireCapableBeanFactory.java:1050) ~[spring-beans-4.2.5.RELEASE.jar:4.2.5.RELEASE]
	at org.springframework.beans.factory.support.AbstractAutowireCapableBeanFactory.doCreateBean(AbstractAutowireCapableBeanFactory.java:510) ~[spring-beans-4.2.5.RELEASE.jar:4.2.5.RELEASE]
	at org.springframework.beans.factory.support.AbstractAutowireCapableBeanFactory.createBean(AbstractAutowireCapableBeanFactory.java:482) ~[spring-beans-4.2.5.RELEASE.jar:4.2.5.RELEASE]
	at org.springframework.beans.factory.support.AbstractBeanFactory$1.getObject(AbstractBeanFactory.java:306) ~[spring-beans-4.2.5.RELEASE.jar:4.2.5.RELEASE]
	at org.springframework.beans.factory.support.DefaultSingletonBeanRegistry.getSingleton(DefaultSingletonBeanRegistry.java:230) ~[spring-beans-4.2.5.RELEASE.jar:4.2.5.RELEASE]
	at org.springframework.beans.factory.support.AbstractBeanFactory.doGetBean(AbstractBeanFactory.java:302) ~[spring-beans-4.2.5.RELEASE.jar:4.2.5.RELEASE]
	at org.springframework.beans.factory.support.AbstractBeanFactory.getBean(AbstractBeanFactory.java:197) ~[spring-beans-4.2.5.RELEASE.jar:4.2.5.RELEASE]
	at org.springframework.beans.factory.support.DefaultListableBeanFactory.preInstantiateSingletons(DefaultListableBeanFactory.java:772) ~[spring-beans-4.2.5.RELEASE.jar:4.2.5.RELEASE]
	at org.springframework.context.support.AbstractApplicationContext.finishBeanFactoryInitialization(AbstractApplicationContext.java:839) ~[spring-context-4.2.5.RELEASE.jar:4.2.5.RELEASE]
	at org.springframework.context.support.AbstractApplicationContext.refresh(AbstractApplicationContext.java:538) ~[spring-context-4.2.5.RELEASE.jar:4.2.5.RELEASE]
	at org.springframework.web.context.ContextLoader.configureAndRefreshWebApplicationContext(ContextLoader.java:444) ~[spring-web-4.2.5.RELEASE.jar:4.2.5.RELEASE]
	at org.springframework.web.context.ContextLoader.initWebApplicationContext(ContextLoader.java:326) ~[spring-web-4.2.5.RELEASE.jar:4.2.5.RELEASE]
	at org.springframework.web.context.ContextLoaderListener.contextInitialized(ContextLoaderListener.java:107) [spring-web-4.2.5.RELEASE.jar:4.2.5.RELEASE]
	at org.apache.catalina.core.StandardContext.listenerStart(StandardContext.java:4939) [tomcat-embed-core-7.0.47.jar:7.0.47]
	at org.apache.catalina.core.StandardContext.startInternal(StandardContext.java:5434) [tomcat-embed-core-7.0.47.jar:7.0.47]
	at org.apache.catalina.util.LifecycleBase.start(LifecycleBase.java:150) [tomcat-embed-core-7.0.47.jar:7.0.47]
	at org.apache.catalina.core.ContainerBase$StartChild.call(ContainerBase.java:1559) [tomcat-embed-core-7.0.47.jar:7.0.47]
	at org.apache.catalina.core.ContainerBase$StartChild.call(ContainerBase.java:1549) [tomcat-embed-core-7.0.47.jar:7.0.47]
	at java.util.concurrent.FutureTask.run(FutureTask.java:266) [na:1.8.0_281]
	at java.util.concurrent.ThreadPoolExecutor.runWorker(ThreadPoolExecutor.java:1149) [na:1.8.0_281]
	at java.util.concurrent.ThreadPoolExecutor$Worker.run(ThreadPoolExecutor.java:624) [na:1.8.0_281]
	at java.lang.Thread.run(Thread.java:748) [na:1.8.0_281]
Caused by: org.springframework.beans.BeanInstantiationException: Failed to instantiate [ar.edu.itba.paw.services.SgaServiceImpl]: Constructor threw exception; nested exception is java.lang.NoClassDefFoundError: com/fasterxml/jackson/databind/ObjectMapper
	at org.springframework.beans.BeanUtils.instantiateClass(BeanUtils.java:163) ~[spring-beans-4.2.5.RELEASE.jar:4.2.5.RELEASE]
	at org.springframework.beans.factory.support.SimpleInstantiationStrategy.instantiate(SimpleInstantiationStrategy.java:89) ~[spring-beans-4.2.5.RELEASE.jar:4.2.5.RELEASE]
	at org.springframework.beans.factory.support.AbstractAutowireCapableBeanFactory.instantiateBean(AbstractAutowireCapableBeanFactory.java:1098) ~[spring-beans-4.2.5.RELEASE.jar:4.2.5.RELEASE]
	... 22 common frames omitted
Caused by: java.lang.NoClassDefFoundError: com/fasterxml/jackson/databind/ObjectMapper
	at ar.edu.itba.paw.services.SgaServiceImpl.<init>(SgaServiceImpl.java:27) ~[classes/:na]
	at sun.reflect.NativeConstructorAccessorImpl.newInstance0(Native Method) ~[na:1.8.0_281]
	at sun.reflect.NativeConstructorAccessorImpl.newInstance(NativeConstructorAccessorImpl.java:62) ~[na:1.8.0_281]
	at sun.reflect.DelegatingConstructorAccessorImpl.newInstance(DelegatingConstructorAccessorImpl.java:45) ~[na:1.8.0_281]
	at java.lang.reflect.Constructor.newInstance(Constructor.java:423) ~[na:1.8.0_281]
	at org.springframework.beans.BeanUtils.instantiateClass(BeanUtils.java:147) ~[spring-beans-4.2.5.RELEASE.jar:4.2.5.RELEASE]
	... 24 common frames omitted
Caused by: java.lang.ClassNotFoundException: com.fasterxml.jackson.databind.ObjectMapper
	at org.apache.catalina.loader.WebappClassLoader.loadClass(WebappClassLoader.java:1702) ~[tomcat-embed-core-7.0.47.jar:7.0.47]
	at org.apache.catalina.loader.WebappClassLoader.loadClass(WebappClassLoader.java:1547) ~[tomcat-embed-core-7.0.47.jar:7.0.47]
	... 30 common frames omitted
